<?xml version="1.0" encoding="UTF-8"?>
<!-- Generated by org.testng.reporters.JUnitReportReporter -->
<testsuite hostname="XTEN-AV_1" failures="0" tests="1" name="com.ect.testCases.SearchTestCase" time="11.028" errors="0" timestamp="2025-07-22T16:39:00 IST" skipped="0">
  <testcase classname="com.ect.testCases.SearchTestCase" name="searchTest" time="11.028"/>
</testsuite> <!-- com.ect.testCases.SearchTestCase -->
